--------------------------------------------------------------------------------
Release 14.7 Trace  (lin64)
Copyright (c) 1995-2013 Xilinx, Inc.  All rights reserved.

/opt/Xilinx/14.7/ISE_DS/ISE/bin/lin64/unwrapped/trce -intstyle ise -v 3 -s 5 -n
3 -fastpaths -xml top.twx top.ncd -o top.twr top.pcf -ucf constraints.ucf

Design file:              top.ncd
Physical constraint file: top.pcf
Device,package,speed:     xc3s500e,fg320,-5 (PRODUCTION 1.27 2013-10-13)
Report level:             verbose report

Environment Variable      Effect 
--------------------      ------ 
NONE                      No environment variables were set
--------------------------------------------------------------------------------

INFO:Timing:2698 - No timing constraints found, doing default enumeration.
INFO:Timing:3412 - To improve timing, see the Timing Closure User Guide (UG612).
INFO:Timing:2752 - To get complete path coverage, use the unconstrained paths 
   option. All paths that are not constrained will be reported in the 
   unconstrained paths section(s) of the report.
INFO:Timing:3339 - The clock-to-out numbers in this timing report are based on 
   a 50 Ohm transmission line loading model.  For the details of this model, 
   and for more information on accounting for different loading conditions, 
   please see the device datasheet.
INFO:Timing:3390 - This architecture does not support a default System Jitter 
   value, please add SYSTEM_JITTER constraint to the UCF to modify the Clock 
   Uncertainty calculation.
INFO:Timing:3389 - This architecture does not support 'Discrete Jitter' and 
   'Phase Error' calculations, these terms will be zero in the Clock 
   Uncertainty calculation.  Please make appropriate modification to 
   SYSTEM_JITTER to account for the unsupported Discrete Jitter and Phase 
   Error.



Data Sheet report:
-----------------
All values displayed in nanoseconds (ns)

Clock FCLK to Pad
------------+------------+------------------+--------+
            | clk (edge) |                  | Clock  |
Destination |   to PAD   |Internal Clock(s) | Phase  |
------------+------------+------------------+--------+
DISPLAY_EN  |    7.463(R)|VGACLK            |   0.000|
HSYNC       |    6.448(R)|VGACLK            |   0.000|
POS_X<0>    |    5.071(R)|VGACLK            |   0.000|
POS_X<1>    |    5.520(R)|VGACLK            |   0.000|
POS_X<2>    |    4.984(R)|VGACLK            |   0.000|
POS_X<3>    |    5.126(R)|VGACLK            |   0.000|
POS_X<4>    |    5.263(R)|VGACLK            |   0.000|
POS_X<5>    |    4.797(R)|VGACLK            |   0.000|
POS_X<6>    |    4.802(R)|VGACLK            |   0.000|
POS_X<7>    |    5.228(R)|VGACLK            |   0.000|
POS_X<8>    |    5.063(R)|VGACLK            |   0.000|
POS_X<9>    |    4.993(R)|VGACLK            |   0.000|
POS_X<10>   |    4.949(R)|VGACLK            |   0.000|
------------+------------+------------------+--------+

Clock to Setup on destination clock FCLK
---------------+---------+---------+---------+---------+
               | Src:Rise| Src:Fall| Src:Rise| Src:Fall|
Source Clock   |Dest:Rise|Dest:Rise|Dest:Fall|Dest:Fall|
---------------+---------+---------+---------+---------+
FCLK           |    5.049|         |         |         |
---------------+---------+---------+---------+---------+


Analysis completed Wed Jul  6 14:23:14 2016 
--------------------------------------------------------------------------------

Trace Settings:
-------------------------
Trace Settings 

Peak Memory Usage: 348 MB



